<?xml version="1.0" encoding="UTF-8"?>
  <testsuites tests="421" disabled="417" errors="0" failures="0" time="234.569680015">
      <testsuite name="nginx-ingress-controller e2e suite" package="/" tests="421" disabled="0" skipped="417" errors="0" failures="0" time="234.569680015" timestamp="2023-03-15T07:51:52">
          <properties>
              <property name="SuiteSucceeded" value="true"></property>
              <property name="SuiteHasProgrammaticFocus" value="false"></property>
              <property name="SpecialSuiteFailureReason" value=""></property>
              <property name="SuiteLabels" value="[]"></property>
              <property name="RandomSeed" value="1678866712"></property>
              <property name="RandomizeAllSpecs" value="true"></property>
              <property name="LabelFilter" value=""></property>
              <property name="FocusStrings" value="no-auth-locations"></property>
              <property name="SkipStrings" value="\[Memory Leak\]"></property>
              <property name="FocusFiles" value=""></property>
              <property name="SkipFiles" value=""></property>
              <property name="FailOnPending" value="false"></property>
              <property name="FailFast" value="true"></property>
              <property name="FlakeAttempts" value="2"></property>
              <property name="DryRun" value="false"></property>
              <property name="ParallelTotal" value="7"></property>
              <property name="OutputInterceptorMode" value=""></property>
          </properties>
          <testcase name="[It] [Annotations] whitelist-source-range should set valid ip whitelist range" classname="nginx-ingress-controller e2e suite" status="skipped" time="0">
              <skipped message="skipped"></skipped>
          </testcase>
          <testcase name="[It] [Setting] access-log access-log-path use the default configuration" classname="nginx-ingress-controller e2e suite" status="skipped" time="0">
              <skipped message="skipped"></skipped>
          </testcase>
          <testcase name="[It] [Lua] dynamic certificates given an ingress with TLS correctly configured falls back to using default certificate when secret gets deleted without reloading" classname="nginx-ingress-controller e2e suite" status="skipped" time="0">
              <skipped message="skipped"></skipped>
          </testcase>
          <testcase name="[It] [Annotations] affinity session-cookie-name should warn user when use-regex is true and session-cookie-path is not set" classname="nginx-ingress-controller e2e suite" status="skipped" time="0">
              <skipped message="skipped"></skipped>
          </testcase>
          <testcase name="[It] [Annotations] affinity session-cookie-name should work with server-alias annotation" classname="nginx-ingress-controller e2e suite" status="skipped" time="0">
              <skipped message="skipped"></skipped>
          </testcase>
          <testcase name="[It] [Setting] use-proxy-protocol should enable PROXY Protocol for HTTPS" classname="nginx-ingress-controller e2e suite" status="skipped" time="0">
              <skipped message="skipped"></skipped>
          </testcase>
          <testcase name="[It] [Annotations] proxy-* should set proxy_redirect to off" classname="nginx-ingress-controller e2e suite" status="skipped" time="0">
              <skipped message="skipped"></skipped>
          </testcase>
          <testcase name="[It] [Annotations] canary-* canary affinity behavior always routes traffic to canary if first request was affinitized to canary (default behavior)" classname="nginx-ingress-controller e2e suite" status="skipped" time="0">
              <skipped message="skipped"></skipped>
          </testcase>
          <testcase name="[It] [Annotations] disable-access-log disable-http-access-log disable-stream-access-log disable-http-access-log set access_log off" classname="nginx-ingress-controller e2e suite" status="skipped" time="0">
              <skipped message="skipped"></skipped>
          </testcase>
          <testcase name="[It] [Annotations] force-ssl-redirect should redirect to https" classname="nginx-ingress-controller e2e suite" status="skipped" time="0">
              <skipped message="skipped"></skipped>
          </testcase>
          <testcase name="[It] [Default Backend] enables access logging for default backend" classname="nginx-ingress-controller e2e suite" status="skipped" time="0">
              <skipped message="skipped"></skipped>
          </testcase>
          <testcase name="[It] [Setting] use-proxy-protocol should respect port passed by the PROXY Protocol" classname="nginx-ingress-controller e2e suite" status="skipped" time="0">
              <skipped message="skipped"></skipped>
          </testcase>
          <testcase name="[It] [Setting] log-format-* Check log-format-escape-json and log-format-escape-none should disable the log-format-escape-json" classname="nginx-ingress-controller e2e suite" status="skipped" time="0">
              <skipped message="skipped"></skipped>
          </testcase>
          <testcase name="[It] [Annotations] proxy-* should not set invalid proxy timeouts" classname="nginx-ingress-controller e2e suite" status="skipped" time="0">
              <skipped message="skipped"></skipped>
          </testcase>
          <testcase name="[It] [Annotations] rewrite-target use-regex enable-rewrite-log should allow for custom rewrite parameters" classname="nginx-ingress-controller e2e suite" status="skipped" time="0">
              <skipped message="skipped"></skipped>
          </testcase>
          <testcase name="[It] [Annotations] cors-* should allow correct origins - single origin for multiple cors values" classname="nginx-ingress-controller e2e suite" status="skipped" time="0">
              <skipped message="skipped"></skipped>
          </testcase>
          <testcase name="[It] [Annotations] modsecurity owasp should enable modsecurity with transaction ID and OWASP rules" classname="nginx-ingress-controller e2e suite" status="skipped" time="0">
              <skipped message="skipped"></skipped>
          </testcase>
          <testcase name="[It] [Setting] log-format-* Check log-format-upstream with log-format-escape-json and log-format-escape-none log-format-escape-json enabled" classname="nginx-ingress-controller e2e suite" status="skipped" time="0">
              <skipped message="skipped"></skipped>
          </testcase>
          <testcase name="[It] Configure OpenTracing should enable opentracing using jaeger with sampler host" classname="nginx-ingress-controller e2e suite" status="skipped" time="0">
              <skipped message="skipped"></skipped>
          </testcase>
          <testcase name="[It] [Annotations] affinity session-cookie-name should set sticky cookie SERVERID" classname="nginx-ingress-controller e2e suite" status="skipped" time="0">
              <skipped message="skipped"></skipped>
          </testcase>
          <testcase name="[It] [Annotations] Annotation - limit-connections should limit-connections" classname="nginx-ingress-controller e2e suite" status="skipped" time="0">
              <skipped message="skipped"></skipped>
          </testcase>
          <testcase name="[It] [Annotations] affinity session-cookie-name should set secure in cookie with provided true annotation on http" classname="nginx-ingress-controller e2e suite" status="skipped" time="0">
              <skipped message="skipped"></skipped>
          </testcase>
          <testcase name="[It] [Annotations] proxy-* should set proxy client-max-body-size to 8m" classname="nginx-ingress-controller e2e suite" status="skipped" time="0">
              <skipped message="skipped"></skipped>
          </testcase>
          <testcase name="[It] [Setting] Configmap change should reload after an update in the configuration" classname="nginx-ingress-controller e2e suite" status="skipped" time="0">
              <skipped message="skipped"></skipped>
          </testcase>
          <testcase name="[It] [Setting] ssl-ciphers Add ssl ciphers" classname="nginx-ingress-controller e2e suite" status="skipped" time="0">
              <skipped message="skipped"></skipped>
          </testcase>
          <testcase name="[It] single ingress - multiple hosts should set the correct $service_name NGINX variable" classname="nginx-ingress-controller e2e suite" status="skipped" time="0">
              <skipped message="skipped"></skipped>
          </testcase>
          <testcase name="[It] [Annotations] affinity session-cookie-name should set cookie with expires" classname="nginx-ingress-controller e2e suite" status="skipped" time="0">
              <skipped message="skipped"></skipped>
          </testcase>
          <testcase name="[It] [Annotations] limit-rate Check limit-rate annotation" classname="nginx-ingress-controller e2e suite" status="skipped" time="0">
              <skipped message="skipped"></skipped>
          </testcase>
          <testcase name="[It] [Setting] nginx-configuration fails when using alias directive" classname="nginx-ingress-controller e2e suite" status="skipped" time="0">
              <skipped message="skipped"></skipped>
          </testcase>
          <testcase name="[It] [Annotations] modsecurity owasp should disable default modsecurity conf setting when modsecurity-snippet is specified" classname="nginx-ingress-controller e2e suite" status="skipped" time="0">
              <skipped message="skipped"></skipped>
          </testcase>
          <testcase name="[It] [Flag] ingress-class Without IngressClass Cluster scoped Permission should ignore Ingress with only IngressClassName" classname="nginx-ingress-controller e2e suite" status="skipped" time="0">
              <skipped message="skipped"></skipped>
          </testcase>
          <testcase name="[It] [Annotations] proxy-* should build proxy next upstream" classname="nginx-ingress-controller e2e suite" status="skipped" time="0">
              <skipped message="skipped"></skipped>
          </testcase>
          <testcase name="[It] [Annotations] cors-* should allow - missing origins (should allow all origins)" classname="nginx-ingress-controller e2e suite" status="skipped" time="0">
              <skipped message="skipped"></skipped>
          </testcase>
          <testcase name="[It] [Flag] ingress-class Without IngressClass Cluster scoped Permission should watch Ingress with correct annotation" classname="nginx-ingress-controller e2e suite" status="skipped" time="0">
              <skipped message="skipped"></skipped>
          </testcase>
          <testcase name="[It] [Annotations] client-body-buffer-size should set client_body_buffer_size to 1K" classname="nginx-ingress-controller e2e suite" status="skipped" time="0">
              <skipped message="skipped"></skipped>
          </testcase>
          <testcase name="[It] [Annotations] auth-* when external authentication is configured should create additional upstream block when auth-keepalive is set with HTTP/1.x" classname="nginx-ingress-controller e2e suite" status="skipped" time="0">
              <skipped message="skipped"></skipped>
          </testcase>
          <testcase name="[It] [Annotations] auth-* when external authentication is configured should not create additional upstream block when auth-keepalive is set with HTTP/2" classname="nginx-ingress-controller e2e suite" status="skipped" time="0">
              <skipped message="skipped"></skipped>
          </testcase>
          <testcase name="[It] [Flag] disable-sync-events should not create sync events" classname="nginx-ingress-controller e2e suite" status="skipped" time="0">
              <skipped message="skipped"></skipped>
          </testcase>
          <testcase name="[It] [Annotations] canary-* canary affinity behavior routes traffic to either mainline or canary backend (legacy behavior)" classname="nginx-ingress-controller e2e suite" status="skipped" time="0">
              <skipped message="skipped"></skipped>
          </testcase>
          <testcase name="[It] [Annotations] rewrite-target use-regex enable-rewrite-log should write rewrite logs" classname="nginx-ingress-controller e2e suite" status="skipped" time="0">
              <skipped message="skipped"></skipped>
          </testcase>
          <testcase name="[It] [Setting] [Security] global-auth-url cookie set by external authentication server user with global-auth-always-set-cookie key in configmap retains cookie if upstream returns error status code" classname="nginx-ingress-controller e2e suite" status="skipped" time="0">
              <skipped message="skipped"></skipped>
          </testcase>
          <testcase name="[It] [Annotations] auth-tls-* should set sslClientCertificate, sslVerifyClient and sslVerifyDepth with auth-tls-secret" classname="nginx-ingress-controller e2e suite" status="skipped" time="0">
              <skipped message="skipped"></skipped>
          </testcase>
          <testcase name="[It] [Annotations] auth-* when external authentication is configured should not create additional upstream block when auth-keepalive is negative" classname="nginx-ingress-controller e2e suite" status="skipped" time="0">
              <skipped message="skipped"></skipped>
          </testcase>
          <testcase name="[It] [Annotations] cors-* should not allow - unmatching origin with wildcard origin (2 subdomains)" classname="nginx-ingress-controller e2e suite" status="skipped" time="0">
              <skipped message="skipped"></skipped>
          </testcase>
          <testcase name="[It] [Annotations] cors-* should allow - single origin for multiple cors values" classname="nginx-ingress-controller e2e suite" status="skipped" time="0">
              <skipped message="skipped"></skipped>
          </testcase>
          <testcase name="[It] [Service] Nil Service Backend should return 404 when backend service is nil" classname="nginx-ingress-controller e2e suite" status="skipped" time="0">
              <skipped message="skipped"></skipped>
          </testcase>
          <testcase name="[It] [Setting] log-format-* Check log-format-escape-json and log-format-escape-none should disable the log-format-escape-none" classname="nginx-ingress-controller e2e suite" status="skipped" time="0">
              <skipped message="skipped"></skipped>
          </testcase>
          <testcase name="[It] [Setting] Configmap - limit-rate Check limit-rate config" classname="nginx-ingress-controller e2e suite" status="skipped" time="0">
              <skipped message="skipped"></skipped>
          </testcase>
          <testcase name="[It] [Annotations] backend-protocol - FastCGI should add fastcgi_param in the configuration file" classname="nginx-ingress-controller e2e suite" status="skipped" time="0">
              <skipped message="skipped"></skipped>
          </testcase>
          <testcase name="[It] [Annotations] cors-* should set cors max-age" classname="nginx-ingress-controller e2e suite" status="skipped" time="0">
              <skipped message="skipped"></skipped>
          </testcase>
          <testcase name="[It] brotli should only compress responses that meet the `brotli-min-length` condition" classname="nginx-ingress-controller e2e suite" status="skipped" time="0">
              <skipped message="skipped"></skipped>
          </testcase>
          <testcase name="[It] [Setting] proxy-read-timeout should set valid proxy read timeouts using configmap values" classname="nginx-ingress-controller e2e suite" status="skipped" time="0">
              <skipped message="skipped"></skipped>
          </testcase>
          <testcase name="[It] [Setting] [Security] modsecurity-snippet should add value of modsecurity-snippet setting to nginx config" classname="nginx-ingress-controller e2e suite" status="skipped" time="0">
              <skipped message="skipped"></skipped>
          </testcase>
          <testcase name="[It] [Annotations] auth-* cookie set by external authentication server user retains cookie by default" classname="nginx-ingress-controller e2e suite" status="skipped" time="0">
              <skipped message="skipped"></skipped>
          </testcase>
          <testcase name="[It] [Lua] dynamic configuration when only backends change handles endpoints only changes consistently (down scaling of replicas vs. empty service)" classname="nginx-ingress-controller e2e suite" status="skipped" time="0">
              <skipped message="skipped"></skipped>
          </testcase>
          <testcase name="[It] [Setting] stream-snippet should add value of stream-snippet to nginx config" classname="nginx-ingress-controller e2e suite" status="skipped" time="0">
              <skipped message="skipped"></skipped>
          </testcase>
          <testcase name="[It] [TCP] tcp-services should expose a TCP service" classname="nginx-ingress-controller e2e suite" status="skipped" time="0">
              <skipped message="skipped"></skipped>
          </testcase>
          <testcase name="[It] [Annotations] auth-* should not set snippet &#34;proxy_set_header My-Custom-Header 42;&#34; when external auth is not configured" classname="nginx-ingress-controller e2e suite" status="skipped" time="0">
              <skipped message="skipped"></skipped>
          </testcase>
          <testcase name="[It] [Annotations] backend-protocol should set backend protocol to grpcs:// and use grpc_pass" classname="nginx-ingress-controller e2e suite" status="skipped" time="0">
              <skipped message="skipped"></skipped>
          </testcase>
          <testcase name="[It] [Setting] OCSP should enable OCSP and contain stapling information in the connection" classname="nginx-ingress-controller e2e suite" status="skipped" time="0">
              <skipped message="skipped"></skipped>
          </testcase>
          <testcase name="[It] [Annotations] proxy-* should change the default proxy HTTP version" classname="nginx-ingress-controller e2e suite" status="skipped" time="0">
              <skipped message="skipped"></skipped>
          </testcase>
          <testcase name="[It] global-options should have worker_rlimit_nofile option" classname="nginx-ingress-controller e2e suite" status="skipped" time="0">
              <skipped message="skipped"></skipped>
          </testcase>
          <testcase name="[It] [Flag] ingress-class With watch-ingress-without-class flag should watch Ingress with no class and ignore ingress with a different class" classname="nginx-ingress-controller e2e suite" status="skipped" time="0">
              <skipped message="skipped"></skipped>
          </testcase>
          <testcase name="[It] [Annotations] auth-* should return status code 401 and cors headers when authentication and cors is configured but Authorization header is not configured" classname="nginx-ingress-controller e2e suite" status="skipped" time="0">
              <skipped message="skipped"></skipped>
          </testcase>
          <testcase name="[It] [Shutdown] Grace period shutdown /healthz should return status code 500 during shutdown grace period" classname="nginx-ingress-controller e2e suite" status="skipped" time="0">
              <skipped message="skipped"></skipped>
          </testcase>
          <testcase name="[It] [Annotations] proxy-* should turn off proxy-request-buffering" classname="nginx-ingress-controller e2e suite" status="skipped" time="0">
              <skipped message="skipped"></skipped>
          </testcase>
          <testcase name="[It] [Lua] dynamic certificates given an ingress with TLS correctly configured picks up the updated certificate without reloading" classname="nginx-ingress-controller e2e suite" status="skipped" time="0">
              <skipped message="skipped"></skipped>
          </testcase>
          <testcase name="[It] [Setting] hash size Check server names hash size should set server_names_hash_bucket_size" classname="nginx-ingress-controller e2e suite" status="skipped" time="0">
              <skipped message="skipped"></skipped>
          </testcase>
          <testcase name="[It] [Annotations] mirror-* should disable mirror-request-body" classname="nginx-ingress-controller e2e suite" status="skipped" time="0">
              <skipped message="skipped"></skipped>
          </testcase>
          <testcase name="[It] [Annotations] auth-tls-* should set valid auth-tls-secret, sslVerify to off, and sslVerifyDepth to 2" classname="nginx-ingress-controller e2e suite" status="skipped" time="0">
              <skipped message="skipped"></skipped>
          </testcase>
          <testcase name="[It] [Setting] [Security] block-* should block Referers defined in the ConfigMap" classname="nginx-ingress-controller e2e suite" status="skipped" time="0">
              <skipped message="skipped"></skipped>
          </testcase>
          <testcase name="[It] [Default Backend] SSL should return a self generated SSL certificate" classname="nginx-ingress-controller e2e suite" status="skipped" time="0">
              <skipped message="skipped"></skipped>
          </testcase>
          <testcase name="[It] [Annotations] auth-* should return status code 200 when no authentication is configured" classname="nginx-ingress-controller e2e suite" status="skipped" time="0">
              <skipped message="skipped"></skipped>
          </testcase>
          <testcase name="[It] [Service] backend status code 503 should return 503 when all backend service endpoints are unavailable" classname="nginx-ingress-controller e2e suite" status="skipped" time="0">
              <skipped message="skipped"></skipped>
          </testcase>
          <testcase name="[It] [TCP] tcp-services should expose an ExternalName TCP service" classname="nginx-ingress-controller e2e suite" status="skipped" time="0">
              <skipped message="skipped"></skipped>
          </testcase>
          <testcase name="[It] [Ingress] [PathType] mix Exact and Prefix paths should choose the correct location" classname="nginx-ingress-controller e2e suite" status="skipped" time="0">
              <skipped message="skipped"></skipped>
          </testcase>
          <testcase name="[It] [Annotations] affinity session-cookie-name should work with use-regex annotation and session-cookie-path" classname="nginx-ingress-controller e2e suite" status="skipped" time="0">
              <skipped message="skipped"></skipped>
          </testcase>
          <testcase name="[It] [Security] Pod Security Policies with volumes should be running with a Pod Security Policy" classname="nginx-ingress-controller e2e suite" status="skipped" time="0">
              <skipped message="skipped"></skipped>
          </testcase>
          <testcase name="[It] [Service] Type ExternalName should sync ingress on external name service addition/deletion" classname="nginx-ingress-controller e2e suite" status="skipped" time="0">
              <skipped message="skipped"></skipped>
          </testcase>
          <testcase name="[It] [Lua] dynamic certificates given an ingress with TLS correctly configured picks up a non-certificate only change" classname="nginx-ingress-controller e2e suite" status="skipped" time="0">
              <skipped message="skipped"></skipped>
          </testcase>
          <testcase name="[It] [Setting] hash size Check proxy header hash size should set proxy-headers-hash-max-size" classname="nginx-ingress-controller e2e suite" status="skipped" time="0">
              <skipped message="skipped"></skipped>
          </testcase>
          <testcase name="[It] [Annotations] cors-* should allow - matching origin+port with wildcard origin" classname="nginx-ingress-controller e2e suite" status="skipped" time="0">
              <skipped message="skipped"></skipped>
          </testcase>
          <testcase name="[It] [Flag] ingress-class With default ingress class config should delete Ingress when class is removed" classname="nginx-ingress-controller e2e suite" status="skipped" time="0">
              <skipped message="skipped"></skipped>
          </testcase>
          <testcase name="[It] [Annotations] auth-* when external authentication is configured with a custom redirect param should redirect to signin url when not signed in" classname="nginx-ingress-controller e2e suite" status="skipped" time="0">
              <skipped message="skipped"></skipped>
          </testcase>
          <testcase name="[It] [Annotations] cors-* should enable cors" classname="nginx-ingress-controller e2e suite" status="skipped" time="0">
              <skipped message="skipped"></skipped>
          </testcase>
          <testcase name="[It] Configure OpenTracing should exists opentracing directive when is enabled" classname="nginx-ingress-controller e2e suite" status="skipped" time="0">
              <skipped message="skipped"></skipped>
          </testcase>
          <testcase name="[It] [Setting] proxy-connect-timeout should set valid proxy timeouts using configmap values" classname="nginx-ingress-controller e2e suite" status="skipped" time="0">
              <skipped message="skipped"></skipped>
          </testcase>
          <testcase name="[It] [Setting] keep-alive keep-alive-requests Check the upstream keep alive should set the request count to upstream server through one keep alive connection" classname="nginx-ingress-controller e2e suite" status="skipped" time="0">
              <skipped message="skipped"></skipped>
          </testcase>
          <testcase name="[It] [Flag] enable-ssl-passthrough With enable-ssl-passthrough enabled should enable ssl-passthrough-proxy-port on a different port" classname="nginx-ingress-controller e2e suite" status="skipped" time="0">
              <skipped message="skipped"></skipped>
          </testcase>
          <testcase name="[It] [Annotations] affinity session-cookie-name should not set cookie without domain annotation" classname="nginx-ingress-controller e2e suite" status="skipped" time="0">
              <skipped message="skipped"></skipped>
          </testcase>
          <testcase name="[It] [Annotations] affinity session-cookie-name should set the path to /something on the generated cookie" classname="nginx-ingress-controller e2e suite" status="skipped" time="0">
              <skipped message="skipped"></skipped>
          </testcase>
          <testcase name="[It] [Annotations] auth-tls-* should return 403 using auth-tls-match-cn with no matching CN from client" classname="nginx-ingress-controller e2e suite" status="skipped" time="0">
              <skipped message="skipped"></skipped>
          </testcase>
          <testcase name="[It] [Setting] access-log http-access-log-path use the specified configuration" classname="nginx-ingress-controller e2e suite" status="skipped" time="0">
              <skipped message="skipped"></skipped>
          </testcase>
          <testcase name="[It] [SSL] [Flag] default-ssl-certificate uses default ssl certificate for host based ingress when configured certificate does not match host" classname="nginx-ingress-controller e2e suite" status="skipped" time="0">
              <skipped message="skipped"></skipped>
          </testcase>
          <testcase name="[It] [Setting] add-headers Add a custom header" classname="nginx-ingress-controller e2e suite" status="skipped" time="0">
              <skipped message="skipped"></skipped>
          </testcase>
          <testcase name="[It] [Annotations] auth-* when external authentication is configured should not create additional upstream block when host part of auth-url contains a variable" classname="nginx-ingress-controller e2e suite" status="skipped" time="0">
              <skipped message="skipped"></skipped>
          </testcase>
          <testcase name="[It] [Annotations] cors-* should not break functionality - without `*`" classname="nginx-ingress-controller e2e suite" status="skipped" time="0">
              <skipped message="skipped"></skipped>
          </testcase>
          <testcase name="[It] [Setting] enable-real-ip trusts X-Forwarded-For header only when setting is true" classname="nginx-ingress-controller e2e suite" status="skipped" time="0">
              <skipped message="skipped"></skipped>
          </testcase>
          <testcase name="[It] [Annotations] satisfy should allow multiple auth with satisfy any" classname="nginx-ingress-controller e2e suite" status="skipped" time="0">
              <skipped message="skipped"></skipped>
          </testcase>
          <testcase name="[It] [Service] Type ExternalName should update the external name after a service update" classname="nginx-ingress-controller e2e suite" status="skipped" time="0">
              <skipped message="skipped"></skipped>
          </testcase>
          <testcase name="[It] [Annotations] modsecurity owasp should enable modsecurity" classname="nginx-ingress-controller e2e suite" status="skipped" time="0">
              <skipped message="skipped"></skipped>
          </testcase>
          <testcase name="[It] [Setting] [Security] global-auth-url when global external authentication is configured should set snippet when global external auth is configured" classname="nginx-ingress-controller e2e suite" status="skipped" time="0">
              <skipped message="skipped"></skipped>
          </testcase>
          <testcase name="[It] [Annotations] canary-* when canary is created should route requests to the correct upstream if mainline ingress is created before the canary ingress" classname="nginx-ingress-controller e2e suite" status="skipped" time="0">
              <skipped message="skipped"></skipped>
          </testcase>
          <testcase name="[It] [Annotations] canary-* when canaried by weight should route requests only to canary if canary weight is equal to canary weight total" classname="nginx-ingress-controller e2e suite" status="skipped" time="0">
              <skipped message="skipped"></skipped>
          </testcase>
          <testcase name="[It] [Flag] ingress-class With ingress-class-by-name flag should watch Ingress that uses the class name even if spec is different" classname="nginx-ingress-controller e2e suite" status="skipped" time="0">
              <skipped message="skipped"></skipped>
          </testcase>
          <testcase name="[It] Debug CLI should get information for a specific backend server" classname="nginx-ingress-controller e2e suite" status="skipped" time="0">
              <skipped message="skipped"></skipped>
          </testcase>
          <testcase name="[It] [Annotations] backend-protocol - FastCGI should add fastcgi_index in the configuration file" classname="nginx-ingress-controller e2e suite" status="skipped" time="0">
              <skipped message="skipped"></skipped>
          </testcase>
          <testcase name="[It] [Annotations] cors-* should disable cors allow credentials" classname="nginx-ingress-controller e2e suite" status="skipped" time="0">
              <skipped message="skipped"></skipped>
          </testcase>
          <testcase name="[It] [Annotations] auth-* with invalid auth-url should deny whole location should add error to the config" classname="nginx-ingress-controller e2e suite" status="skipped" time="0">
              <skipped message="skipped"></skipped>
          </testcase>
          <testcase name="[It] Configure OpenTracing should not exists opentracing directive" classname="nginx-ingress-controller e2e suite" status="skipped" time="0">
              <skipped message="skipped"></skipped>
          </testcase>
          <testcase name="[It] [Flag] ingress-class With default ingress class config should serve Ingress when class is updated between annotation and ingressClassName" classname="nginx-ingress-controller e2e suite" status="skipped" time="0">
              <skipped message="skipped"></skipped>
          </testcase>
          <testcase name="[It] [Default Backend] disables access logging for default backend" classname="nginx-ingress-controller e2e suite" status="skipped" time="0">
              <skipped message="skipped"></skipped>
          </testcase>
          <testcase name="[It] [Annotations] cors-* should expose headers for cors" classname="nginx-ingress-controller e2e suite" status="skipped" time="0">
              <skipped message="skipped"></skipped>
          </testcase>
          <testcase name="[It] [Lua] dynamic configuration when only backends change handles endpoints only changes (down scaling of replicas)" classname="nginx-ingress-controller e2e suite" status="skipped" time="0">
              <skipped message="skipped"></skipped>
          </testcase>
          <testcase name="[It] [Annotations] backend-protocol should set backend protocol to grpc:// and use grpc_pass" classname="nginx-ingress-controller e2e suite" status="skipped" time="0">
              <skipped message="skipped"></skipped>
          </testcase>
          <testcase name="[It] [Setting] [Security] global-auth-url cookie set by external authentication server user retains cookie by default" classname="nginx-ingress-controller e2e suite" status="skipped" time="0">
              <skipped message="skipped"></skipped>
          </testcase>
          <testcase name="[It] [Annotations] proxy-ssl-* should set valid proxy-ssl-secret, proxy-ssl-verify to on, proxy-ssl-verify-depth to 2, and proxy-ssl-server-name to on" classname="nginx-ingress-controller e2e suite" status="skipped" time="0">
              <skipped message="skipped"></skipped>
          </testcase>
          <testcase name="[It] [Annotations] affinity session-cookie-name should set secure in cookie with provided false annotation on https" classname="nginx-ingress-controller e2e suite" status="skipped" time="0">
              <skipped message="skipped"></skipped>
          </testcase>
          <testcase name="[It] [Annotations] modsecurity owasp should disable modsecurity using &#39;modsecurity off;&#39;" classname="nginx-ingress-controller e2e suite" status="skipped" time="0">
              <skipped message="skipped"></skipped>
          </testcase>
          <testcase name="[It] [Annotations] canary-* Single canary Ingress should not use canary with domain as a server" classname="nginx-ingress-controller e2e suite" status="skipped" time="0">
              <skipped message="skipped"></skipped>
          </testcase>
          <testcase name="[It] [Annotations] Bad annotation values [BAD_ANNOTATIONS] should drop an ingress if there is a custom blocklist config in place and allow others to pass" classname="nginx-ingress-controller e2e suite" status="skipped" time="0">
              <skipped message="skipped"></skipped>
          </testcase>
          <testcase name="[It] [Annotations] modsecurity owasp should enable modsecurity globally and with modsecurity-snippet block requests" classname="nginx-ingress-controller e2e suite" status="skipped" time="0">
              <skipped message="skipped"></skipped>
          </testcase>
          <testcase name="[It] [Annotations] canary-* when canary is created should response with a 200 status from the mainline upstream when requests are made to the mainline ingress" classname="nginx-ingress-controller e2e suite" status="skipped" time="0">
              <skipped message="skipped"></skipped>
          </testcase>
          <testcase name="[It] [Annotations] auth-* when external authentication is configured should return status code 200 when signed in" classname="nginx-ingress-controller e2e suite" status="skipped" time="0">
              <skipped message="skipped"></skipped>
          </testcase>
          <testcase name="[It] [Service] Type ExternalName works with external name set to incomplete fqdn" classname="nginx-ingress-controller e2e suite" status="skipped" time="0">
              <skipped message="skipped"></skipped>
          </testcase>
          <testcase name="[It] [Annotations] auth-* cookie set by external authentication server user with annotated ingress retains cookie if upstream returns error status code" classname="nginx-ingress-controller e2e suite" status="skipped" time="0">
              <skipped message="skipped"></skipped>
          </testcase>
          <testcase name="[It] [Annotations] cors-* should not allow - single origin for multiple cors values" classname="nginx-ingress-controller e2e suite" status="skipped" time="0">
              <skipped message="skipped"></skipped>
          </testcase>
          <testcase name="[It] [Setting] log-format-* Check log-format-escape-json and log-format-escape-none should enable the log-format-escape-none" classname="nginx-ingress-controller e2e suite" status="skipped" time="0">
              <skipped message="skipped"></skipped>
          </testcase>
          <testcase name="[It] [Annotations] app-root should redirect to /foo" classname="nginx-ingress-controller e2e suite" status="skipped" time="0">
              <skipped message="skipped"></skipped>
          </testcase>
          <testcase name="[It] [Annotations] canary-* when canaried by weight should route requests only to canary if canary weight is 100" classname="nginx-ingress-controller e2e suite" status="skipped" time="0">
              <skipped message="skipped"></skipped>
          </testcase>
          <testcase name="[It] Configure OpenTracing should enable opentracing using jaeger" classname="nginx-ingress-controller e2e suite" status="skipped" time="0">
              <skipped message="skipped"></skipped>
          </testcase>
          <testcase name="[It] [Annotations] auth-* with invalid auth-url should deny whole location should return 503 (location was denied)" classname="nginx-ingress-controller e2e suite" status="skipped" time="0">
              <skipped message="skipped"></skipped>
          </testcase>
          <testcase name="[It] [Ingress] definition without host should set ingress details variables for ingresses with host without IngressRuleValue, only Backend" classname="nginx-ingress-controller e2e suite" status="skipped" time="0">
              <skipped message="skipped"></skipped>
          </testcase>
          <testcase name="[It] [Annotations] affinity session-cookie-name should set cookie with domain" classname="nginx-ingress-controller e2e suite" status="skipped" time="0">
              <skipped message="skipped"></skipped>
          </testcase>
          <testcase name="[It] [Security] request smuggling should not return body content from error_page" classname="nginx-ingress-controller e2e suite" status="skipped" time="0">
              <skipped message="skipped"></skipped>
          </testcase>
          <testcase name="[It] [Annotations] affinity session-cookie-name should set sticky cookie without host" classname="nginx-ingress-controller e2e suite" status="skipped" time="0">
              <skipped message="skipped"></skipped>
          </testcase>
          <testcase name="[It] [Security] Pod Security Policies should be running with a Pod Security Policy" classname="nginx-ingress-controller e2e suite" status="skipped" time="0">
              <skipped message="skipped"></skipped>
          </testcase>
          <testcase name="[It] [Annotations] auth-* when external authentication is configured should redirect to signin url when not signed in" classname="nginx-ingress-controller e2e suite" status="skipped" time="0">
              <skipped message="skipped"></skipped>
          </testcase>
          <testcase name="[It] [Annotations] auth-* when external authentication is configured should not create additional upstream block when auth-keepalive is not set" classname="nginx-ingress-controller e2e suite" status="skipped" time="0">
              <skipped message="skipped"></skipped>
          </testcase>
          <testcase name="[It] [Service] Type ExternalName should return 200 for service type=ExternalName with a port defined" classname="nginx-ingress-controller e2e suite" status="skipped" time="0">
              <skipped message="skipped"></skipped>
          </testcase>
          <testcase name="[It] [Annotations] canary-* when canary is created should route requests to the correct upstream if the canary ingress is modified" classname="nginx-ingress-controller e2e suite" status="skipped" time="0">
              <skipped message="skipped"></skipped>
          </testcase>
          <testcase name="[It] [Annotations] preserve-trailing-slash should allow preservation of trailing slashes" classname="nginx-ingress-controller e2e suite" status="skipped" time="0">
              <skipped message="skipped"></skipped>
          </testcase>
          <testcase name="[It] [Admission] admission controller should return an error if there is a forbidden value in some annotation" classname="nginx-ingress-controller e2e suite" status="skipped" time="0">
              <skipped message="skipped"></skipped>
          </testcase>
          <testcase name="[It] [Admission] admission controller should return an error if there is an invalid value in some annotation" classname="nginx-ingress-controller e2e suite" status="skipped" time="0">
              <skipped message="skipped"></skipped>
          </testcase>
          <testcase name="[It] [Admission] admission controller reject ingress with global-rate-limit annotations when memcached is not configured" classname="nginx-ingress-controller e2e suite" status="skipped" time="0">
              <skipped message="skipped"></skipped>
          </testcase>
          <testcase name="[It] [Admission] admission controller should not allow overlaps of host and paths without canary annotations" classname="nginx-ingress-controller e2e suite" status="skipped" time="0">
              <skipped message="skipped"></skipped>
          </testcase>
          <testcase name="[It] [Flag] watch namespace selector With specific watch-namespace-selector flags should ingore Ingress of namespace without label foo=bar and accept those of namespace with label foo=bar" classname="nginx-ingress-controller e2e suite" status="skipped" time="0">
              <skipped message="skipped"></skipped>
          </testcase>
          <testcase name="[It] [Admission] admission controller should return an error if there is an error validating the ingress definition" classname="nginx-ingress-controller e2e suite" status="skipped" time="0">
              <skipped message="skipped"></skipped>
          </testcase>
          <testcase name="[It] [TopologyHints] topology aware routing should return 200 when service has topology hints" classname="nginx-ingress-controller e2e suite" status="skipped" time="0">
              <skipped message="skipped"></skipped>
          </testcase>
          <testcase name="[It] [Admission] admission controller should block ingress with invalid path" classname="nginx-ingress-controller e2e suite" status="skipped" time="0">
              <skipped message="skipped"></skipped>
          </testcase>
          <testcase name="[It] [Admission] admission controller should not return an error if the Ingress V1 definition is valid with IngressClass annotation" classname="nginx-ingress-controller e2e suite" status="skipped" time="0">
              <skipped message="skipped"></skipped>
          </testcase>
          <testcase name="[It] [Admission] admission controller should return an error if the Ingress V1 definition contains invalid annotations" classname="nginx-ingress-controller e2e suite" status="skipped" time="0">
              <skipped message="skipped"></skipped>
          </testcase>
          <testcase name="[It] [Admission] admission controller should not return an error for an invalid Ingress when it has unknown class" classname="nginx-ingress-controller e2e suite" status="skipped" time="0">
              <skipped message="skipped"></skipped>
          </testcase>
          <testcase name="[It] [Admission] admission controller should allow overlaps of host and paths with canary annotation" classname="nginx-ingress-controller e2e suite" status="skipped" time="0">
              <skipped message="skipped"></skipped>
          </testcase>
          <testcase name="[It] [Admission] admission controller should not return an error if the Ingress V1 definition is valid with Ingress Class" classname="nginx-ingress-controller e2e suite" status="skipped" time="0">
              <skipped message="skipped"></skipped>
          </testcase>
          <testcase name="[It] [Setting] settings-global-rate-limit generates correct NGINX configuration" classname="nginx-ingress-controller e2e suite" status="skipped" time="0">
              <skipped message="skipped"></skipped>
          </testcase>
          <testcase name="[It] [Setting] reuse-port reuse port should be enabled by default" classname="nginx-ingress-controller e2e suite" status="skipped" time="0">
              <skipped message="skipped"></skipped>
          </testcase>
          <testcase name="[It] [Memory Leak] Dynamic Certificates should not leak memory from ingress SSL certificates or configuration updates" classname="nginx-ingress-controller e2e suite" status="skipped" time="0">
              <skipped message="skipped"></skipped>
          </testcase>
          <testcase name="[It] [Setting] configmap stream-snippet should add value of stream-snippet via config map to nginx config" classname="nginx-ingress-controller e2e suite" status="skipped" time="0">
              <skipped message="skipped"></skipped>
          </testcase>
          <testcase name="[It] [Annotations] proxy-* should setup proxy cookies" classname="nginx-ingress-controller e2e suite" status="skipped" time="0">
              <skipped message="skipped"></skipped>
          </testcase>
          <testcase name="[It] Configure OpenTracing should enable opentracing using datadog" classname="nginx-ingress-controller e2e suite" status="skipped" time="0">
              <skipped message="skipped"></skipped>
          </testcase>
          <testcase name="[It] [Annotations] canary-* does not crash when canary ingress has multiple paths to the same non-matching backend" classname="nginx-ingress-controller e2e suite" status="skipped" time="0">
              <skipped message="skipped"></skipped>
          </testcase>
          <testcase name="[It] [Annotations] proxy-* should set proxy_redirect to default" classname="nginx-ingress-controller e2e suite" status="skipped" time="0">
              <skipped message="skipped"></skipped>
          </testcase>
          <testcase name="[It] [Lua] dynamic certificates given an ingress with TLS correctly configured supports requests with domain with trailing dot" classname="nginx-ingress-controller e2e suite" status="skipped" time="0">
              <skipped message="skipped"></skipped>
          </testcase>
          <testcase name="[It] [Annotations] auth-* should return status code 401 when authentication is configured but Authorization header is not configured" classname="nginx-ingress-controller e2e suite" status="skipped" time="0">
              <skipped message="skipped"></skipped>
          </testcase>
          <testcase name="[It] [Annotations] backend-protocol should set backend protocol to $scheme:// and use proxy_pass" classname="nginx-ingress-controller e2e suite" status="skipped" time="0">
              <skipped message="skipped"></skipped>
          </testcase>
          <testcase name="[It] [Setting] reuse-port reuse port should be enabled" classname="nginx-ingress-controller e2e suite" status="skipped" time="0">
              <skipped message="skipped"></skipped>
          </testcase>
          <testcase name="[It] [Setting] enable-real-ip should not trust X-Forwarded-For header when setting is false" classname="nginx-ingress-controller e2e suite" status="skipped" time="0">
              <skipped message="skipped"></skipped>
          </testcase>
          <testcase name="[It] [Flag] ingress-class With default ingress class config should ignore Ingress without IngressClass configuration" classname="nginx-ingress-controller e2e suite" status="skipped" time="0">
              <skipped message="skipped"></skipped>
          </testcase>
          <testcase name="[It] [Setting] enable-multi-accept should be disabled when set to false" classname="nginx-ingress-controller e2e suite" status="skipped" time="0">
              <skipped message="skipped"></skipped>
          </testcase>
          <testcase name="[It] [TCP] tcp-services should reload after an update in the configuration" classname="nginx-ingress-controller e2e suite" status="skipped" time="0">
              <skipped message="skipped"></skipped>
          </testcase>
          <testcase name="[It] [Annotations] permanent-redirect permanent-redirect-code should respond with a standard redirect code" classname="nginx-ingress-controller e2e suite" status="skipped" time="0">
              <skipped message="skipped"></skipped>
          </testcase>
          <testcase name="[It] [Annotations] server-alias should return status code 200 for host &#39;foo&#39; and 404 for &#39;bar&#39;" classname="nginx-ingress-controller e2e suite" status="skipped" time="0">
              <skipped message="skipped"></skipped>
          </testcase>
          <testcase name="[It] [Annotations] auth-tls-* should return 200 using auth-tls-match-cn with matching CN from client" classname="nginx-ingress-controller e2e suite" status="skipped" time="0">
              <skipped message="skipped"></skipped>
          </testcase>
          <testcase name="[It] [Setting] server-tokens should not exists Server header in the response" classname="nginx-ingress-controller e2e suite" status="skipped" time="0">
              <skipped message="skipped"></skipped>
          </testcase>
          <testcase name="[It] [Annotations] proxy-ssl-* should set valid proxy-ssl-secret" classname="nginx-ingress-controller e2e suite" status="skipped" time="0">
              <skipped message="skipped"></skipped>
          </testcase>
          <testcase name="[It] [Annotations] canary-* when canaried by header with value and pattern should route requests to the correct upstream" classname="nginx-ingress-controller e2e suite" status="skipped" time="0">
              <skipped message="skipped"></skipped>
          </testcase>
          <testcase name="[It] Configure OpenTracing should exists opentracing_operation_name directive when is configured" classname="nginx-ingress-controller e2e suite" status="skipped" time="0">
              <skipped message="skipped"></skipped>
          </testcase>
          <testcase name="[It] [Annotations] auth-* should set snippet &#34;proxy_set_header My-Custom-Header 42;&#34; when external auth is configured" classname="nginx-ingress-controller e2e suite" status="skipped" time="0">
              <skipped message="skipped"></skipped>
          </testcase>
          <testcase name="[It] [Setting] gzip should be disabled by default" classname="nginx-ingress-controller e2e suite" status="skipped" time="0">
              <skipped message="skipped"></skipped>
          </testcase>
          <testcase name="[It] [Setting] proxy-read-timeout should not set invalid proxy read timeouts using configmap values" classname="nginx-ingress-controller e2e suite" status="skipped" time="0">
              <skipped message="skipped"></skipped>
          </testcase>
          <testcase name="[It] [Annotations] auth-* when external authentication with caching is configured should redirect to signin url when not signed in" classname="nginx-ingress-controller e2e suite" status="skipped" time="0">
              <skipped message="skipped"></skipped>
          </testcase>
          <testcase name="[It] [Annotations] canary-* when canaried by header with value and cookie should route requests to the correct upstream" classname="nginx-ingress-controller e2e suite" status="skipped" time="0">
              <skipped message="skipped"></skipped>
          </testcase>
          <testcase name="[It] [Setting] use-forwarded-headers should trust X-Forwarded headers when setting is true" classname="nginx-ingress-controller e2e suite" status="skipped" time="0">
              <skipped message="skipped"></skipped>
          </testcase>
          <testcase name="[It] [Setting] nginx-configuration start nginx with default configuration" classname="nginx-ingress-controller e2e suite" status="skipped" time="0">
              <skipped message="skipped"></skipped>
          </testcase>
          <testcase name="[It] [Setting] keep-alive keep-alive-requests Check the keep alive should set keepalive_requests" classname="nginx-ingress-controller e2e suite" status="skipped" time="0">
              <skipped message="skipped"></skipped>
          </testcase>
          <testcase name="[It] [Service] Type ExternalName should return 200 for service type=ExternalName using FQDN with trailing dot" classname="nginx-ingress-controller e2e suite" status="skipped" time="0">
              <skipped message="skipped"></skipped>
          </testcase>
          <testcase name="[It] [Annotations] mirror-* should set mirror-target to https://test.env.com/$request_uri" classname="nginx-ingress-controller e2e suite" status="skipped" time="0">
              <skipped message="skipped"></skipped>
          </testcase>
          <testcase name="[It] [Annotations] client-body-buffer-size should not set client_body_buffer_size to invalid 1b" classname="nginx-ingress-controller e2e suite" status="skipped" time="0">
              <skipped message="skipped"></skipped>
          </testcase>
          <testcase name="[It] [SSL] secret update should not appear references to secret updates not used in ingress rules" classname="nginx-ingress-controller e2e suite" status="skipped" time="0">
              <skipped message="skipped"></skipped>
          </testcase>
          <testcase name="[It] [Setting] [Security] global-auth-url when global external authentication is configured should add auth headers when global-auth-response-headers is configured" classname="nginx-ingress-controller e2e suite" status="skipped" time="0">
              <skipped message="skipped"></skipped>
          </testcase>
          <testcase name="[It] [Setting] enable-multi-accept should be enabled when set to true" classname="nginx-ingress-controller e2e suite" status="skipped" time="0">
              <skipped message="skipped"></skipped>
          </testcase>
          <testcase name="[It] [Annotations] client-body-buffer-size should set client_body_buffer_size to 1000" classname="nginx-ingress-controller e2e suite" status="skipped" time="0">
              <skipped message="skipped"></skipped>
          </testcase>
          <testcase name="[It] [Annotations] Bad annotation values [BAD_ANNOTATIONS] should drop an ingress if there is an invalid character in some annotation" classname="nginx-ingress-controller e2e suite" status="skipped" time="0">
              <skipped message="skipped"></skipped>
          </testcase>
          <testcase name="[It] [Setting] hash size Check the map hash size should set vmap-hash-bucket-size" classname="nginx-ingress-controller e2e suite" status="skipped" time="0">
              <skipped message="skipped"></skipped>
          </testcase>
          <testcase name="[It] [Annotations] modsecurity owasp should enable modsecurity without using &#39;modsecurity on;&#39;" classname="nginx-ingress-controller e2e suite" status="skipped" time="0">
              <skipped message="skipped"></skipped>
          </testcase>
          <testcase name="[It] [Annotations] rewrite-target use-regex enable-rewrite-log should fail to use longest match for documented warning" classname="nginx-ingress-controller e2e suite" status="skipped" time="0">
              <skipped message="skipped"></skipped>
          </testcase>
          <testcase name="[It] [Setting] add-headers Add multiple custom headers" classname="nginx-ingress-controller e2e suite" status="skipped" time="0">
              <skipped message="skipped"></skipped>
          </testcase>
          <testcase name="[It] [Setting] [SSL] TLS protocols, ciphers and headers) should configure TLS protocol setting cipher suite" classname="nginx-ingress-controller e2e suite" status="skipped" time="0">
              <skipped message="skipped"></skipped>
          </testcase>
          <testcase name="[It] [Flag] ingress-class With default ingress class config should ignore Ingress with a different class annotation" classname="nginx-ingress-controller e2e suite" status="skipped" time="0">
              <skipped message="skipped"></skipped>
          </testcase>
          <testcase name="[It] [Lua] dynamic certificates picks up the certificate when we add TLS spec to existing ingress" classname="nginx-ingress-controller e2e suite" status="skipped" time="0">
              <skipped message="skipped"></skipped>
          </testcase>
          <testcase name="[It] [Setting] [SSL] TLS protocols, ciphers and headers) ports or X-Forwarded-Host check during HTTP tp HTTPS redirection should not use ports during the HTTP to HTTPS redirection" classname="nginx-ingress-controller e2e suite" status="skipped" time="0">
              <skipped message="skipped"></skipped>
          </testcase>
          <testcase name="[It] [Annotations] x-forwarded-prefix should set the X-Forwarded-Prefix to the annotation value" classname="nginx-ingress-controller e2e suite" status="skipped" time="0">
              <skipped message="skipped"></skipped>
          </testcase>
          <testcase name="[It] [Setting] access-log http-access-log-path &amp; stream-access-log-path use the specified configuration" classname="nginx-ingress-controller e2e suite" status="skipped" time="0">
              <skipped message="skipped"></skipped>
          </testcase>
          <testcase name="[It] [Shutdown] ingress controller should shutdown in less than 60 secons without pending connections" classname="nginx-ingress-controller e2e suite" status="skipped" time="0">
              <skipped message="skipped"></skipped>
          </testcase>
          <testcase name="[It] Configure OpenTracing should not exists opentracing_operation_name directive when is empty" classname="nginx-ingress-controller e2e suite" status="skipped" time="0">
              <skipped message="skipped"></skipped>
          </testcase>
          <testcase name="[It] [Annotations] auth-* when external authentication is configured with a custom redirect param keeps processing new ingresses even if one of the existing ingresses is misconfigured" classname="nginx-ingress-controller e2e suite" status="skipped" time="0">
              <skipped message="skipped"></skipped>
          </testcase>
          <testcase name="[It] [Annotations] x-forwarded-prefix should not add X-Forwarded-Prefix if the annotation value is empty" classname="nginx-ingress-controller e2e suite" status="skipped" time="0">
              <skipped message="skipped"></skipped>
          </testcase>
          <testcase name="[It] [Annotations] proxy-ssl-* should set valid proxy-ssl-secret, proxy-ssl-ciphers to HIGH:!AES" classname="nginx-ingress-controller e2e suite" status="skipped" time="0">
              <skipped message="skipped"></skipped>
          </testcase>
          <testcase name="[It] [Annotations] influxdb-* when influxdb is enabled should send the request metric to the influxdb server" classname="nginx-ingress-controller e2e suite" status="skipped" time="0">
              <skipped message="skipped"></skipped>
          </testcase>
          <testcase name="[It] [Annotations] auth-* cookie set by external authentication server user does not retain cookie if upstream returns error status code" classname="nginx-ingress-controller e2e suite" status="skipped" time="0">
              <skipped message="skipped"></skipped>
          </testcase>
          <testcase name="[It] [Annotations] canary-* canary affinity behavior always routes traffic to canary if first request was affinitized to canary (explicit sticky behavior)" classname="nginx-ingress-controller e2e suite" status="skipped" time="0">
              <skipped message="skipped"></skipped>
          </testcase>
          <testcase name="[It] [Setting] keep-alive keep-alive-requests Check the upstream keep alive should set keep alive connection timeout to upstream server" classname="nginx-ingress-controller e2e suite" status="skipped" time="0">
              <skipped message="skipped"></skipped>
          </testcase>
          <testcase name="[It] [Annotations] modsecurity owasp should enable modsecurity with snippet and block requests" classname="nginx-ingress-controller e2e suite" status="skipped" time="0">
              <skipped message="skipped"></skipped>
          </testcase>
          <testcase name="[It] [Flag] enable-ssl-passthrough With enable-ssl-passthrough enabled should pass unknown traffic to default backend and handle known traffic" classname="nginx-ingress-controller e2e suite" status="skipped" time="0">
              <skipped message="skipped"></skipped>
          </testcase>
          <testcase name="[It] [Annotations] rewrite-target use-regex enable-rewrite-log should use ~* location modifier if regex annotation is present" classname="nginx-ingress-controller e2e suite" status="skipped" time="0">
              <skipped message="skipped"></skipped>
          </testcase>
          <testcase name="[It] [Annotations] default-backend when default backend annotation is enabled should use a custom default backend as upstream" classname="nginx-ingress-controller e2e suite" status="skipped" time="0">
              <skipped message="skipped"></skipped>
          </testcase>
          <testcase name="[It] [Annotations] upstream-hash-by-* should connect to the same subset of pods" classname="nginx-ingress-controller e2e suite" status="skipped" time="0">
              <skipped message="skipped"></skipped>
          </testcase>
          <testcase name="[It] [Annotations] modsecurity owasp should disable modsecurity" classname="nginx-ingress-controller e2e suite" status="skipped" time="0">
              <skipped message="skipped"></skipped>
          </testcase>
          <testcase name="[It] [Flag] custom HTTP and HTTPS ports with a plain HTTP ingress should set X-Forwarded-Port headers accordingly when listening on a non-default HTTP port" classname="nginx-ingress-controller e2e suite" status="skipped" time="0">
              <skipped message="skipped"></skipped>
          </testcase>
          <testcase name="[It] Dynamic $proxy_host should exist a proxy_host using the upstream-vhost annotation value" classname="nginx-ingress-controller e2e suite" status="skipped" time="0">
              <skipped message="skipped"></skipped>
          </testcase>
          <testcase name="[It] [Annotations] canary-* when canaried by weight should route requests only to mainline if canary weight is 0" classname="nginx-ingress-controller e2e suite" status="skipped" time="0">
              <skipped message="skipped"></skipped>
          </testcase>
          <testcase name="[It] [Lua] dynamic certificates given an ingress with TLS correctly configured removes HTTPS configuration when we delete TLS spec" classname="nginx-ingress-controller e2e suite" status="skipped" time="0">
              <skipped message="skipped"></skipped>
          </testcase>
          <testcase name="[It] [Annotations] server-alias should return status code 200 for host &#39;foo&#39; and &#39;bar&#39;" classname="nginx-ingress-controller e2e suite" status="skipped" time="0">
              <skipped message="skipped"></skipped>
          </testcase>
          <testcase name="[It] [Setting] Geoip2 should include geoip2 line in config when enabled and db file exists" classname="nginx-ingress-controller e2e suite" status="skipped" time="0">
              <skipped message="skipped"></skipped>
          </testcase>
          <testcase name="[It] [Annotations] connection-proxy-header set connection header to keep-alive" classname="nginx-ingress-controller e2e suite" status="skipped" time="0">
              <skipped message="skipped"></skipped>
          </testcase>
          <testcase name="[It] [Annotations] custom-http-errors configures Nginx correctly" classname="nginx-ingress-controller e2e suite" status="skipped" time="0">
              <skipped message="skipped"></skipped>
          </testcase>
          <testcase name="[It] [Annotations] auth-* should return status code 200 when authentication is configured with a map and Authorization header is sent" classname="nginx-ingress-controller e2e suite" status="skipped" time="0">
              <skipped message="skipped"></skipped>
          </testcase>
          <testcase name="[It] [Flag] ingress-class With default ingress class config should serve Ingress when class is added" classname="nginx-ingress-controller e2e suite" status="skipped" time="0">
              <skipped message="skipped"></skipped>
          </testcase>
          <testcase name="[It] [Setting] gzip should set gzip_min_length to 100" classname="nginx-ingress-controller e2e suite" status="skipped" time="0">
              <skipped message="skipped"></skipped>
          </testcase>
          <testcase name="[It] [Setting] [Security] global-auth-url when global external authentication is configured should still return status code 200 after auth backend is deleted using cache" classname="nginx-ingress-controller e2e suite" status="skipped" time="0">
              <skipped message="skipped"></skipped>
          </testcase>
          <testcase name="[It] [Annotations] server-snippet add valid directives to server via server snippet" classname="nginx-ingress-controller e2e suite" status="skipped" time="0">
              <skipped message="skipped"></skipped>
          </testcase>
          <testcase name="[It] [Setting] [Security] global-auth-url cookie set by external authentication server user does not retain cookie if upstream returns error status code" classname="nginx-ingress-controller e2e suite" status="skipped" time="0">
              <skipped message="skipped"></skipped>
          </testcase>
          <testcase name="[It] [Setting] [Load Balancer] load-balance should apply the configmap load-balance setting" classname="nginx-ingress-controller e2e suite" status="skipped" time="0">
              <skipped message="skipped"></skipped>
          </testcase>
          <testcase name="[It] [Setting] [Security] global-auth-url when global external authentication is configured should proxy_method method when global-auth-method is configured" classname="nginx-ingress-controller e2e suite" status="skipped" time="0">
              <skipped message="skipped"></skipped>
          </testcase>
          <testcase name="[It] [Flag] disable-service-external-name should ignore services of external-name type" classname="nginx-ingress-controller e2e suite" status="skipped" time="0">
              <skipped message="skipped"></skipped>
          </testcase>
          <testcase name="[It] Debug CLI should list the backend servers" classname="nginx-ingress-controller e2e suite" status="skipped" time="0">
              <skipped message="skipped"></skipped>
          </testcase>
          <testcase name="[It] [Setting] hash size Check the variable hash size should set variables-hash-bucket-size" classname="nginx-ingress-controller e2e suite" status="skipped" time="0">
              <skipped message="skipped"></skipped>
          </testcase>
          <testcase name="[It] [Annotations] cors-* should not break functionality with extra domain" classname="nginx-ingress-controller e2e suite" status="skipped" time="0">
              <skipped message="skipped"></skipped>
          </testcase>
          <testcase name="[It] [Setting] log-format-* Check log-format-escape-json and log-format-escape-none should enable the log-format-escape-json" classname="nginx-ingress-controller e2e suite" status="skipped" time="0">
              <skipped message="skipped"></skipped>
          </testcase>
          <testcase name="[It] [Annotations] configuration-snippet drops snippet &#34;more_set_headers &#34;Foo1: Bar1&#34;;&#34; in all locations if disabled by admin&#34;" classname="nginx-ingress-controller e2e suite" status="skipped" time="0">
              <skipped message="skipped"></skipped>
          </testcase>
          <testcase name="[It] [Annotations] canary-* when canaried by header with value and pattern should routes to mainline upstream when the given Regex causes error" classname="nginx-ingress-controller e2e suite" status="skipped" time="0">
              <skipped message="skipped"></skipped>
          </testcase>
          <testcase name="[It] [Setting] Add no tls redirect locations Check no tls redirect locations config" classname="nginx-ingress-controller e2e suite" status="skipped" time="0">
              <skipped message="skipped"></skipped>
          </testcase>
          <testcase name="[It] [Lua] dynamic configuration when only backends change handles endpoints only changes" classname="nginx-ingress-controller e2e suite" status="skipped" time="0">
              <skipped message="skipped"></skipped>
          </testcase>
          <testcase name="[It] [Lua] dynamic configuration configures balancer Lua middleware correctly" classname="nginx-ingress-controller e2e suite" status="skipped" time="0">
              <skipped message="skipped"></skipped>
          </testcase>
          <testcase name="[It] [Setting] [SSL] TLS protocols, ciphers and headers) should configure HSTS policy header setting max-age parameter" classname="nginx-ingress-controller e2e suite" status="skipped" time="0">
              <skipped message="skipped"></skipped>
          </testcase>
          <testcase name="[It] [Annotations] cors-* should not break functionality" classname="nginx-ingress-controller e2e suite" status="skipped" time="0">
              <skipped message="skipped"></skipped>
          </testcase>
          <testcase name="[It] [Annotations] server-snippet drops server snippet if disabled by the administrator" classname="nginx-ingress-controller e2e suite" status="skipped" time="0">
              <skipped message="skipped"></skipped>
          </testcase>
          <testcase name="[It] Configure OpenTracing should include opentracing_trust_incoming_span off directive when disabled" classname="nginx-ingress-controller e2e suite" status="skipped" time="0">
              <skipped message="skipped"></skipped>
          </testcase>
          <testcase name="[It] [Service] Type ExternalName should return status 502 for service type=ExternalName with an invalid host" classname="nginx-ingress-controller e2e suite" status="skipped" time="0">
              <skipped message="skipped"></skipped>
          </testcase>
          <testcase name="[It] [Annotations] backend-protocol - GRPC should return OK for service with backend protocol GRPCS" classname="nginx-ingress-controller e2e suite" status="skipped" time="0">
              <skipped message="skipped"></skipped>
          </testcase>
          <testcase name="[It] [Service] Type ExternalName should return 200 for service type=ExternalName using a port name" classname="nginx-ingress-controller e2e suite" status="skipped" time="0">
              <skipped message="skipped"></skipped>
          </testcase>
          <testcase name="[It] [SSL] [Flag] default-ssl-certificate uses default ssl certificate for catch-all ingress" classname="nginx-ingress-controller e2e suite" status="skipped" time="0">
              <skipped message="skipped"></skipped>
          </testcase>
          <testcase name="[It] [Annotations] affinitymode Balanced affinity mode should balance" classname="nginx-ingress-controller e2e suite" status="skipped" time="0">
              <skipped message="skipped"></skipped>
          </testcase>
          <testcase name="[It] [Annotations] service-upstream when using the default value (false) and enabling in the annotations should use the Service Cluster IP and Port" classname="nginx-ingress-controller e2e suite" status="skipped" time="0">
              <skipped message="skipped"></skipped>
          </testcase>
          <testcase name="[It] [Annotations] modsecurity owasp should enable modsecurity when enable-owasp-modsecurity-crs is set to true" classname="nginx-ingress-controller e2e suite" status="skipped" time="0">
              <skipped message="skipped"></skipped>
          </testcase>
          <testcase name="[It] [Annotations] proxy-* should not set proxy client-max-body-size to incorrect value" classname="nginx-ingress-controller e2e suite" status="skipped" time="0">
              <skipped message="skipped"></skipped>
          </testcase>
          <testcase name="[It] [Annotations] proxy-* should set proxy_redirect to hello.com goodbye.com" classname="nginx-ingress-controller e2e suite" status="skipped" time="0">
              <skipped message="skipped"></skipped>
          </testcase>
          <testcase name="[It] [Annotations] backend-protocol - FastCGI should use fastcgi_pass in the configuration file" classname="nginx-ingress-controller e2e suite" status="skipped" time="0">
              <skipped message="skipped"></skipped>
          </testcase>
          <testcase name="[It] [Annotations] cors-* should allow origin for cors" classname="nginx-ingress-controller e2e suite" status="skipped" time="0">
              <skipped message="skipped"></skipped>
          </testcase>
          <testcase name="[It] [Annotations] enable-access-log enable-rewrite-log set rewrite_log on" classname="nginx-ingress-controller e2e suite" status="skipped" time="0">
              <skipped message="skipped"></skipped>
          </testcase>
          <testcase name="[It] [Setting] log-format-* Check log-format-upstream with log-format-escape-json and log-format-escape-none log-format-escape-none enabled" classname="nginx-ingress-controller e2e suite" status="skipped" time="0">
              <skipped message="skipped"></skipped>
          </testcase>
          <testcase name="[It] [Annotations] cors-* should not allow - portless origin with wildcard origin" classname="nginx-ingress-controller e2e suite" status="skipped" time="0">
              <skipped message="skipped"></skipped>
          </testcase>
          <testcase name="[It] [Setting] [Load Balancer] round-robin should evenly distribute requests with round-robin (default algorithm)" classname="nginx-ingress-controller e2e suite" status="skipped" time="0">
              <skipped message="skipped"></skipped>
          </testcase>
          <testcase name="[It] [Setting] stream-snippet should add stream-snippet and drop annotations per admin config" classname="nginx-ingress-controller e2e suite" status="skipped" time="0">
              <skipped message="skipped"></skipped>
          </testcase>
          <testcase name="[It] [Setting] [Security] global-auth-url when global external authentication is configured should set request-redirect when global-auth-request-redirect is configured" classname="nginx-ingress-controller e2e suite" status="skipped" time="0">
              <skipped message="skipped"></skipped>
          </testcase>
          <testcase name="[It] plugins should exist a x-hello-world header" classname="nginx-ingress-controller e2e suite" status="skipped" time="0">
              <skipped message="skipped"></skipped>
          </testcase>
          <testcase name="[It] [Flag] ingress-class With default ingress class config should accept both Ingresses with default IngressClassName and IngressClass annotation" classname="nginx-ingress-controller e2e suite" status="skipped" time="0">
              <skipped message="skipped"></skipped>
          </testcase>
          <testcase name="[It] [Annotations] proxy-* should turn on proxy-buffering" classname="nginx-ingress-controller e2e suite" status="skipped" time="0">
              <skipped message="skipped"></skipped>
          </testcase>
          <testcase name="[It] [Annotations] auth-tls-* should return 200 using auth-tls-match-cn where atleast one of the regex options matches CN from client" classname="nginx-ingress-controller e2e suite" status="skipped" time="0">
              <skipped message="skipped"></skipped>
          </testcase>
          <testcase name="[It] [Annotations] ssl-ciphers should change ssl ciphers" classname="nginx-ingress-controller e2e suite" status="skipped" time="0">
              <skipped message="skipped"></skipped>
          </testcase>
          <testcase name="[It] [Setting] gzip should be enabled with default settings" classname="nginx-ingress-controller e2e suite" status="skipped" time="0">
              <skipped message="skipped"></skipped>
          </testcase>
          <testcase name="[It] [Annotations] Bad annotation values [BAD_ANNOTATIONS] should allow an ingress if there is a default blocklist config in place" classname="nginx-ingress-controller e2e suite" status="skipped" time="0">
              <skipped message="skipped"></skipped>
          </testcase>
          <testcase name="[It] [Annotations] annotation-global-rate-limit generates correct configuration" classname="nginx-ingress-controller e2e suite" status="skipped" time="0">
              <skipped message="skipped"></skipped>
          </testcase>
          <testcase name="[It] [Annotations] proxy-ssl-* proxy-ssl-location-only flag should change the nginx config server part" classname="nginx-ingress-controller e2e suite" status="skipped" time="0">
              <skipped message="skipped"></skipped>
          </testcase>
          <testcase name="[It] [Annotations] cors-* should allow correct origins - missing subdomain + origin with wildcard origin and correct origin" classname="nginx-ingress-controller e2e suite" status="skipped" time="0">
              <skipped message="skipped"></skipped>
          </testcase>
          <testcase name="[It] [Annotations] auth-* when external authentication with caching is configured should return status code 200 when signed in after auth backend is deleted" classname="nginx-ingress-controller e2e suite" status="skipped" time="0">
              <skipped message="skipped"></skipped>
          </testcase>
          <testcase name="[It] [Annotations] Bad annotation values [BAD_ANNOTATIONS] should drop an ingress if there is a forbidden word in some annotation" classname="nginx-ingress-controller e2e suite" status="skipped" time="0">
              <skipped message="skipped"></skipped>
          </testcase>
          <testcase name="[It] [Setting] proxy-connect-timeout should not set invalid proxy timeouts using configmap values" classname="nginx-ingress-controller e2e suite" status="skipped" time="0">
              <skipped message="skipped"></skipped>
          </testcase>
          <testcase name="[It] [Annotations] cors-* should not allow - single origin with port and origin without port" classname="nginx-ingress-controller e2e suite" status="skipped" time="0">
              <skipped message="skipped"></skipped>
          </testcase>
          <testcase name="[It] [Flag] disable-catch-all should ignore catch all Ingress with backend and rules" classname="nginx-ingress-controller e2e suite" status="skipped" time="0">
              <skipped message="skipped"></skipped>
          </testcase>
          <testcase name="[It] [Setting] nginx-configuration fails when using root directive" classname="nginx-ingress-controller e2e suite" status="skipped" time="0">
              <skipped message="skipped"></skipped>
          </testcase>
          <testcase name="[It] [Setting] proxy-next-upstream should build proxy next upstream using configmap values" classname="nginx-ingress-controller e2e suite" status="skipped" time="0">
              <skipped message="skipped"></skipped>
          </testcase>
[...]
zone=auth_cache:10m max_size=128m inactive=30m use_temp_path=off;&#xA;&#x9;&#xA;&#x9;# Global filters&#xA;&#x9;&#xA;&#x9;## start server _&#xA;&#x9;server {&#xA;&#x9;&#x9;server_name _ ;&#xA;&#x9;&#x9;&#xA;&#x9;&#x9;listen 80 default_server reuseport backlog=4096 ;&#xA;&#x9;&#x9;listen [::]:80 default_server reuseport backlog=4096 ;&#xA;&#x9;&#x9;listen 443 default_server reuseport backlog=4096 ssl http2 ;&#xA;&#x9;&#x9;listen [::]:443 default_server reuseport backlog=4096 ssl http2 ;&#xA;&#x9;&#x9;&#xA;&#x9;&#x9;set $proxy_upstream_name &#34;-&#34;;&#xA;&#x9;&#x9;&#xA;&#x9;&#x9;ssl_reject_handshake off;&#xA;&#x9;&#x9;&#xA;&#x9;&#x9;ssl_certificate_by_lua_block {&#xA;&#x9;&#x9;&#x9;certificate.call()&#xA;&#x9;&#x9;}&#xA;&#x9;&#x9;&#xA;&#x9;&#x9;location / {&#xA;&#x9;&#x9;&#x9;&#xA;&#x9;&#x9;&#x9;set $namespace      &#34;&#34;;&#xA;&#x9;&#x9;&#x9;set $ingress_name   &#34;&#34;;&#xA;&#x9;&#x9;&#x9;set $service_name   &#34;&#34;;&#xA;&#x9;&#x9;&#x9;set $service_port   &#34;&#34;;&#xA;&#x9;&#x9;&#x9;set $location_path  &#34;&#34;;&#xA;&#x9;&#x9;&#x9;set $global_rate_limit_exceeding n;&#xA;&#x9;&#x9;&#x9;&#xA;&#x9;&#x9;&#x9;rewrite_by_lua_block {&#xA;&#x9;&#x9;&#x9;&#x9;lua_ingress.rewrite({&#xA;&#x9;&#x9;&#x9;&#x9;&#x9;force_ssl_redirect = false,&#xA;&#x9;&#x9;&#x9;&#x9;&#x9;ssl_redirect = false,&#xA;&#x9;&#x9;&#x9;&#x9;&#x9;force_no_ssl_redirect = false,&#xA;&#x9;&#x9;&#x9;&#x9;&#x9;preserve_trailing_slash = false,&#xA;&#x9;&#x9;&#x9;&#x9;&#x9;use_port_in_redirects = false,&#xA;&#x9;&#x9;&#x9;&#x9;&#x9;global_throttle = { namespace = &#34;&#34;, limit = 0, window_size = 0, key = { }, ignored_cidrs = { } },&#xA;&#x9;&#x9;&#x9;&#x9;})&#xA;&#x9;&#x9;&#x9;&#x9;balancer.rewrite()&#xA;&#x9;&#x9;&#x9;&#x9;plugins.run()&#xA;&#x9;&#x9;&#x9;}&#xA;&#x9;&#x9;&#x9;&#xA;&#x9;&#x9;&#x9;# be careful with `access_by_lua_block` and `satisfy any` directives as satisfy any&#xA;&#x9;&#x9;&#x9;# will always succeed when there&#39;s `access_by_lua_block` that does not have any lua code doing `ngx.exit(ngx.DECLINED)`&#xA;&#x9;&#x9;&#x9;# other authentication method such as basic auth or external auth useless - all requests will be allowed.&#xA;&#x9;&#x9;&#x9;#access_by_lua_block {&#xA;&#x9;&#x9;&#x9;#}&#xA;&#x9;&#x9;&#x9;&#xA;&#x9;&#x9;&#x9;header_filter_by_lua_block {&#xA;&#x9;&#x9;&#x9;&#x9;lua_ingress.header()&#xA;&#x9;&#x9;&#x9;&#x9;plugins.run()&#xA;&#x9;&#x9;&#x9;}&#xA;&#x9;&#x9;&#x9;&#xA;&#x9;&#x9;&#x9;body_filter_by_lua_block {&#xA;&#x9;&#x9;&#x9;&#x9;plugins.run()&#xA;&#x9;&#x9;&#x9;}&#xA;&#x9;&#x9;&#x9;&#xA;&#x9;&#x9;&#x9;log_by_lua_block {&#xA;&#x9;&#x9;&#x9;&#x9;balancer.log()&#xA;&#x9;&#x9;&#x9;&#x9;&#xA;&#x9;&#x9;&#x9;&#x9;monitor.call()&#xA;&#x9;&#x9;&#x9;&#x9;&#xA;&#x9;&#x9;&#x9;&#x9;plugins.run()&#xA;&#x9;&#x9;&#x9;}&#xA;&#x9;&#x9;&#x9;&#xA;&#x9;&#x9;&#x9;access_log off;&#xA;&#x9;&#x9;&#x9;&#xA;&#x9;&#x9;&#x9;port_in_redirect off;&#xA;&#x9;&#x9;&#x9;&#xA;&#x9;&#x9;&#x9;set $balancer_ewma_score -1;&#xA;&#x9;&#x9;&#x9;set $proxy_upstream_name &#34;upstream-default-backend&#34;;&#xA;&#x9;&#x9;&#x9;set $proxy_host          $proxy_upstream_name;&#xA;&#x9;&#x9;&#x9;set $pass_access_scheme  $scheme;&#xA;&#x9;&#x9;&#x9;&#xA;&#x9;&#x9;&#x9;set $pass_server_port    $server_port;&#xA;&#x9;&#x9;&#x9;&#xA;&#x9;&#x9;&#x9;set $best_http_host      $http_host;&#xA;&#x9;&#x9;&#x9;set $pass_port           $pass_server_port;&#xA;&#x9;&#x9;&#x9;&#xA;&#x9;&#x9;&#x9;set $proxy_alternative_upstream_name &#34;&#34;;&#xA;&#x9;&#x9;&#x9;&#xA;&#x9;&#x9;&#x9;client_max_body_size                    1m;&#xA;&#x9;&#x9;&#x9;&#xA;&#x9;&#x9;&#x9;proxy_set_header Host                   $best_http_host;&#xA;&#x9;&#x9;&#x9;&#xA;&#x9;&#x9;&#x9;# Pass the extracted client certificate to the backend&#xA;&#x9;&#x9;&#x9;&#xA;&#x9;&#x9;&#x9;# Allow websocket connections&#xA;&#x9;&#x9;&#x9;proxy_set_header                        Upgrade           $http_upgrade;&#xA;&#x9;&#x9;&#x9;&#xA;&#x9;&#x9;&#x9;proxy_set_header                        Connection        $connection_upgrade;&#xA;&#x9;&#x9;&#x9;&#xA;&#x9;&#x9;&#x9;proxy_set_header X-Request-ID           $req_id;&#xA;&#x9;&#x9;&#x9;proxy_set_header X-Real-IP              $remote_addr;&#xA;&#x9;&#x9;&#x9;&#xA;&#x9;&#x9;&#x9;proxy_set_header X-Forwarded-For        $remote_addr;&#xA;&#x9;&#x9;&#x9;&#xA;&#x9;&#x9;&#x9;proxy_set_header X-Forwarded-Host       $best_http_host;&#xA;&#x9;&#x9;&#x9;proxy_set_header X-Forwarded-Port       $pass_port;&#xA;&#x9;&#x9;&#x9;proxy_set_header X-Forwarded-Proto      $pass_access_scheme;&#xA;&#x9;&#x9;&#x9;proxy_set_header X-Forwarded-Scheme     $pass_access_scheme;&#xA;&#x9;&#x9;&#x9;&#xA;&#x9;&#x9;&#x9;proxy_set_header X-Scheme               $pass_access_scheme;&#xA;&#x9;&#x9;&#x9;&#xA;&#x9;&#x9;&#x9;# Pass the original X-Forwarded-For&#xA;&#x9;&#x9;&#x9;proxy_set_header X-Original-Forwarded-For $http_x_forwarded_for;&#xA;&#x9;&#x9;&#x9;&#xA;&#x9;&#x9;&#x9;# mitigate HTTPoxy Vulnerability&#xA;&#x9;&#x9;&#x9;# https://www.nginx.com/blog/mitigating-the-httpoxy-vulnerability-with-nginx/&#xA;&#x9;&#x9;&#x9;proxy_set_header Proxy                  &#34;&#34;;&#xA;&#x9;&#x9;&#x9;&#xA;&#x9;&#x9;&#x9;# Custom headers to proxied server&#xA;&#x9;&#x9;&#x9;&#xA;&#x9;&#x9;&#x9;proxy_connect_timeout                   5s;&#xA;&#x9;&#x9;&#x9;proxy_send_timeout                      60s;&#xA;&#x9;&#x9;&#x9;proxy_read_timeout                      60s;&#xA;&#x9;&#x9;&#x9;&#xA;&#x9;&#x9;&#x9;proxy_buffering                         off;&#xA;&#x9;&#x9;&#x9;proxy_buffer_size                       4k;&#xA;&#x9;&#x9;&#x9;proxy_buffers                           4 4k;&#xA;&#x9;&#x9;&#x9;&#xA;&#x9;&#x9;&#x9;proxy_max_temp_file_size                1024m;&#xA;&#x9;&#x9;&#x9;&#xA;&#x9;&#x9;&#x9;proxy_request_buffering                 on;&#xA;&#x9;&#x9;&#x9;proxy_http_version                      1.1;&#xA;&#x9;&#x9;&#x9;&#xA;&#x9;&#x9;&#x9;proxy_cookie_domain                     off;&#xA;&#x9;&#x9;&#x9;proxy_cookie_path                       off;&#xA;&#x9;&#x9;&#x9;&#xA;&#x9;&#x9;&#x9;# In case of errors try the next upstream server before returning an error&#xA;&#x9;&#x9;&#x9;proxy_next_upstream                     error timeout;&#xA;&#x9;&#x9;&#x9;proxy_next_upstream_timeout             0;&#xA;&#x9;&#x9;&#x9;proxy_next_upstream_tries               3;&#xA;&#x9;&#x9;&#x9;&#xA;&#x9;&#x9;&#x9;proxy_pass http://upstream_balancer;&#xA;&#x9;&#x9;&#x9;&#xA;&#x9;&#x9;&#x9;proxy_redirect                          off;&#xA;&#x9;&#x9;&#x9;&#xA;&#x9;&#x9;}&#xA;&#x9;&#x9;&#xA;&#x9;&#x9;# health checks in cloud providers require the use of port 80&#xA;&#x9;&#x9;location /healthz {&#xA;&#x9;&#x9;&#x9;&#xA;&#x9;&#x9;&#x9;access_log off;&#xA;&#x9;&#x9;&#x9;return 200;&#xA;&#x9;&#x9;}&#xA;&#x9;&#x9;&#xA;&#x9;&#x9;# this is required to avoid error if nginx is being monitored&#xA;&#x9;&#x9;# with an external software (like sysdig)&#xA;&#x9;&#x9;location /nginx_status {&#xA;&#x9;&#x9;&#x9;&#xA;&#x9;&#x9;&#x9;allow 127.0.0.1;&#xA;&#x9;&#x9;&#x9;&#xA;&#x9;&#x9;&#x9;allow ::1;&#xA;&#x9;&#x9;&#x9;&#xA;&#x9;&#x9;&#x9;deny all;&#xA;&#x9;&#x9;&#x9;&#xA;&#x9;&#x9;&#x9;access_log off;&#xA;&#x9;&#x9;&#x9;stub_status on;&#xA;&#x9;&#x9;}&#xA;&#x9;&#x9;&#xA;&#x9;}&#xA;&#x9;## end server _&#xA;&#x9;&#xA;&#x9;# backend for when default-backend-service is not configured or it does not have endpoints&#xA;&#x9;server {&#xA;&#x9;&#x9;listen 8181 default_server reuseport backlog=4096;&#xA;&#x9;&#x9;listen [::]:8181 default_server reuseport backlog=4096;&#xA;&#x9;&#x9;set $proxy_upstream_name &#34;internal&#34;;&#xA;&#x9;&#x9;&#xA;&#x9;&#x9;access_log off;&#xA;&#x9;&#x9;&#xA;&#x9;&#x9;location / {&#xA;&#x9;&#x9;&#x9;return 404;&#xA;&#x9;&#x9;}&#xA;&#x9;}&#xA;&#x9;&#xA;&#x9;# default server, used for NGINX healthcheck and access to nginx stats&#xA;&#x9;server {&#xA;&#x9;&#x9;listen 127.0.0.1:10246;&#xA;&#x9;&#x9;set $proxy_upstream_name &#34;internal&#34;;&#xA;&#x9;&#x9;&#xA;&#x9;&#x9;keepalive_timeout 0;&#xA;&#x9;&#x9;gzip off;&#xA;&#x9;&#x9;&#xA;&#x9;&#x9;access_log off;&#xA;&#x9;&#x9;&#xA;&#x9;&#x9;location /healthz {&#xA;&#x9;&#x9;&#x9;return 200;&#xA;&#x9;&#x9;}&#xA;&#x9;&#x9;&#xA;&#x9;&#x9;location /is-dynamic-lb-initialized {&#xA;&#x9;&#x9;&#x9;content_by_lua_block {&#xA;&#x9;&#x9;&#x9;&#x9;local configuration = require(&#34;configuration&#34;)&#xA;&#x9;&#x9;&#x9;&#x9;local backend_data = configuration.get_backends_data()&#xA;&#x9;&#x9;&#x9;&#x9;if not backend_data then&#xA;&#x9;&#x9;&#x9;&#x9;ngx.exit(ngx.HTTP_INTERNAL_SERVER_ERROR)&#xA;&#x9;&#x9;&#x9;&#x9;return&#xA;&#x9;&#x9;&#x9;&#x9;end&#xA;&#x9;&#x9;&#x9;&#x9;&#xA;&#x9;&#x9;&#x9;&#x9;ngx.say(&#34;OK&#34;)&#xA;&#x9;&#x9;&#x9;&#x9;ngx.exit(ngx.HTTP_OK)&#xA;&#x9;&#x9;&#x9;}&#xA;&#x9;&#x9;}&#xA;&#x9;&#x9;&#xA;&#x9;&#x9;location /nginx_status {&#xA;&#x9;&#x9;&#x9;stub_status on;&#xA;&#x9;&#x9;}&#xA;&#x9;&#x9;&#xA;&#x9;&#x9;location /configuration {&#xA;&#x9;&#x9;&#x9;client_max_body_size                    21M;&#xA;&#x9;&#x9;&#x9;client_body_buffer_size                 21M;&#xA;&#x9;&#x9;&#x9;proxy_buffering                         off;&#xA;&#x9;&#x9;&#x9;&#xA;&#x9;&#x9;&#x9;content_by_lua_block {&#xA;&#x9;&#x9;&#x9;&#x9;configuration.call()&#xA;&#x9;&#x9;&#x9;}&#xA;&#x9;&#x9;}&#xA;&#x9;&#x9;&#xA;&#x9;&#x9;location / {&#xA;&#x9;&#x9;&#x9;content_by_lua_block {&#xA;&#x9;&#x9;&#x9;&#x9;ngx.exit(ngx.HTTP_NOT_FOUND)&#xA;&#x9;&#x9;&#x9;}&#xA;&#x9;&#x9;}&#xA;&#x9;}&#xA;}&#xA;&#xA;stream {&#xA;&#x9;lua_package_path &#34;/etc/nginx/lua/?.lua;/etc/nginx/lua/vendor/?.lua;;&#34;;&#xA;&#x9;&#xA;&#x9;lua_shared_dict tcp_udp_configuration_data 5M;&#xA;&#x9;&#xA;&#x9;resolver 10.96.0.10 valid=30s;&#xA;&#x9;&#xA;&#x9;init_by_lua_block {&#xA;&#x9;&#x9;collectgarbage(&#34;collect&#34;)&#xA;&#x9;&#x9;&#xA;&#x9;&#x9;-- init modules&#xA;&#x9;&#x9;local ok, res&#xA;&#x9;&#x9;&#xA;&#x9;&#x9;ok, res = pcall(require, &#34;configuration&#34;)&#xA;&#x9;&#x9;if not ok then&#xA;&#x9;&#x9;error(&#34;require failed: &#34; .. tostring(res))&#xA;&#x9;&#x9;else&#xA;&#x9;&#x9;configuration = res&#xA;&#x9;&#x9;end&#xA;&#x9;&#x9;&#xA;&#x9;&#x9;ok, res = pcall(require, &#34;tcp_udp_configuration&#34;)&#xA;&#x9;&#x9;if not ok then&#xA;&#x9;&#x9;error(&#34;require failed: &#34; .. tostring(res))&#xA;&#x9;&#x9;else&#xA;&#x9;&#x9;tcp_udp_configuration = res&#xA;&#x9;&#x9;tcp_udp_configuration.prohibited_localhost_port = &#39;10246&#39;&#xA;&#x9;&#x9;&#xA;&#x9;&#x9;end&#xA;&#x9;&#x9;&#xA;&#x9;&#x9;ok, res = pcall(require, &#34;tcp_udp_balancer&#34;)&#xA;&#x9;&#x9;if not ok then&#xA;&#x9;&#x9;error(&#34;require failed: &#34; .. tostring(res))&#xA;&#x9;&#x9;else&#xA;&#x9;&#x9;tcp_udp_balancer = res&#xA;&#x9;&#x9;end&#xA;&#x9;}&#xA;&#x9;&#xA;&#x9;init_worker_by_lua_block {&#xA;&#x9;&#x9;tcp_udp_balancer.init_worker()&#xA;&#x9;}&#xA;&#x9;&#xA;&#x9;lua_add_variable $proxy_upstream_name;&#xA;&#x9;&#xA;&#x9;log_format log_stream &#39;[$remote_addr] [$time_local] $protocol $status $bytes_sent $bytes_received $session_time&#39;;&#xA;&#x9;&#xA;&#x9;access_log /var/log/nginx/access.log log_stream ;&#xA;&#x9;&#xA;&#x9;error_log  /var/log/nginx/error.log notice;&#xA;&#x9;&#xA;&#x9;upstream upstream_balancer {&#xA;&#x9;&#x9;server 0.0.0.1:1234; # placeholder&#xA;&#x9;&#x9;&#xA;&#x9;&#x9;balancer_by_lua_block {&#xA;&#x9;&#x9;&#x9;tcp_udp_balancer.balance()&#xA;&#x9;&#x9;}&#xA;&#x9;}&#xA;&#x9;&#xA;&#x9;server {&#xA;&#x9;&#x9;listen 127.0.0.1:10247;&#xA;&#x9;&#x9;&#xA;&#x9;&#x9;access_log off;&#xA;&#x9;&#x9;&#xA;&#x9;&#x9;content_by_lua_block {&#xA;&#x9;&#x9;&#x9;tcp_udp_configuration.call()&#xA;&#x9;&#x9;}&#xA;&#x9;}&#xA;&#x9;&#xA;&#x9;# TCP services&#xA;&#x9;&#xA;&#x9;# UDP services&#xA;&#x9;&#xA;&#x9;# Stream Snippets&#xA;&#x9;&#xA;}&#xA;&#xA;&#xA;STEP: Dumping NGINX logs - /go/src/k8s.io/ingress-nginx/test/e2e/framework/framework.go:181 @ 03/15/23 07:53:33.857&#xA;Mar 15 07:53:33.857: INFO: -------------------------------------------------------------------------------&#xA;NGINX Ingress controller&#xA;  Release:       1.0.0-dev&#xA;  Build:         git-78e9edbad&#xA;  Repository:    git@github.com:SaumyaBhushan/ingress-nginx.git&#xA;  nginx version: nginx/1.21.6&#xA;&#xA;-------------------------------------------------------------------------------&#xA;&#xA;W0315 07:51:56.767000      14 client_config.go:618] Neither --kubeconfig nor --master was specified.  Using the inClusterConfig.  This might not work.&#xA;I0315 07:51:56.767176      14 main.go:209] &#34;Creating API client&#34; host=&#34;https://10.96.0.1:443&#34;&#xA;I0315 07:51:56.774428      14 main.go:253] &#34;Running in Kubernetes cluster&#34; major=&#34;1&#34; minor=&#34;25&#34; git=&#34;v1.25.2&#34; state=&#34;clean&#34; commit=&#34;5835544ca568b757a8ecae5c153f317e5736700e&#34; platform=&#34;linux/amd64&#34;&#xA;I0315 07:51:57.032947      14 main.go:104] &#34;SSL fake certificate created&#34; file=&#34;/etc/ingress-controller/ssl/default-fake-certificate.pem&#34;&#xA;W0315 07:51:57.042018      14 main.go:125] Unable to get NODE information: nodes &#34;ingress-nginx-dev-worker2&#34; is forbidden: User &#34;system:serviceaccount:e2e-tests-global-external-auth-1678866712990090764-b7zlp:nginx-ingress&#34; cannot get resource &#34;nodes&#34; in API group &#34;&#34; at the cluster scope&#xA;W0315 07:51:57.052996      14 nginx.go:154] Update of Ingress status is disabled (flag --update-status)&#xA;I0315 07:51:57.055731      14 nginx.go:261] &#34;Starting NGINX Ingress controller&#34;&#xA;I0315 07:51:57.058557      14 event.go:285] Event(v1.ObjectReference{Kind:&#34;ConfigMap&#34;, Namespace:&#34;e2e-tests-global-external-auth-1678866712990090764-b7zlp&#34;, Name:&#34;tcp-services&#34;, UID:&#34;0db00a11-f3e3-4086-ab84-642ccf8783eb&#34;, APIVersion:&#34;v1&#34;, ResourceVersion:&#34;812&#34;, FieldPath:&#34;&#34;}): type: &#39;Normal&#39; reason: &#39;CREATE&#39; ConfigMap e2e-tests-global-external-auth-1678866712990090764-b7zlp/tcp-services&#xA;I0315 07:51:57.058740      14 event.go:285] Event(v1.ObjectReference{Kind:&#34;ConfigMap&#34;, Namespace:&#34;e2e-tests-global-external-auth-1678866712990090764-b7zlp&#34;, Name:&#34;nginx-ingress-controller&#34;, UID:&#34;4504b63e-35ff-4da9-ab78-3ca7ed729354&#34;, APIVersion:&#34;v1&#34;, ResourceVersion:&#34;817&#34;, FieldPath:&#34;&#34;}): type: &#39;Normal&#39; reason: &#39;CREATE&#39; ConfigMap e2e-tests-global-external-auth-1678866712990090764-b7zlp/nginx-ingress-controller&#xA;I0315 07:51:58.258401      14 nginx.go:304] &#34;Starting NGINX process&#34;&#xA;I0315 07:51:58.258497      14 leaderelection.go:248] attempting to acquire leader lease e2e-tests-global-external-auth-1678866712990090764-b7zlp/ingress-controller-leader...&#xA;I0315 07:51:58.259043      14 controller.go:188] &#34;Configuration changes detected, backend reload required&#34;&#xA;I0315 07:51:58.264830      14 leaderelection.go:258] successfully acquired lease e2e-tests-global-external-auth-1678866712990090764-b7zlp/ingress-controller-leader&#xA;I0315 07:51:58.264893      14 status.go:84] &#34;New leader elected&#34; identity=&#34;nginx-ingress-controller-545fd86d77-7ql7q&#34;&#xA;I0315 07:51:58.331531      14 controller.go:205] &#34;Backend successfully reloaded&#34;&#xA;I0315 07:51:58.331620      14 controller.go:216] &#34;Initial sync, sleeping for 1 second&#34;&#xA;I0315 07:51:58.331686      14 event.go:285] Event(v1.ObjectReference{Kind:&#34;Pod&#34;, Namespace:&#34;e2e-tests-global-external-auth-1678866712990090764-b7zlp&#34;, Name:&#34;nginx-ingress-controller-545fd86d77-7ql7q&#34;, UID:&#34;d3ba5d86-b583-4027-b320-162cb96d7a3e&#34;, APIVersion:&#34;v1&#34;, ResourceVersion:&#34;892&#34;, FieldPath:&#34;&#34;}): type: &#39;Normal&#39; reason: &#39;RELOAD&#39; NGINX reload triggered due to a change in configuration&#xA;&#xA;STEP: Dumping namespace content - /go/src/k8s.io/ingress-nginx/test/e2e/framework/framework.go:190 @ 03/15/23 07:53:33.951&#xA;Mar 15 07:53:33.951: INFO: NAME                                            READY   STATUS              RESTARTS   AGE&#xA;pod/echo-5f68dc79f7-mhljq                       0/1     ContainerCreating   0          93s&#xA;pod/nginx-ingress-controller-545fd86d77-7ql7q   1/1     Running             0          97s&#xA;&#xA;NAME                               TYPE        CLUSTER-IP      EXTERNAL-IP   PORT(S)                      AGE&#xA;service/echo                       ClusterIP   10.96.196.130   &lt;none&gt;        80/TCP                       93s&#xA;service/nginx-ingress-controller   NodePort    10.96.177.179   &lt;none&gt;        80:30355/TCP,443:31751/TCP   98s&#xA;&#xA;NAME                                 ENDPOINTS                      AGE&#xA;endpoints/echo                       &lt;none&gt;                         93s&#xA;endpoints/nginx-ingress-controller   10.244.2.3:443,10.244.2.3:80   97s&#xA;&#xA;NAME                                       READY   UP-TO-DATE   AVAILABLE   AGE&#xA;deployment.apps/echo                       0/1     1            0           93s&#xA;deployment.apps/nginx-ingress-controller   1/1     1            1           97s&#xA;&#xA;&lt; Exit [AfterEach] [Setting] [Security] global-auth-url - /go/src/k8s.io/ingress-nginx/test/e2e/framework/framework.go:84 @ 03/15/23 07:53:34.415 (3.724s)&#xA;&#xA;Attempt #1 Failed.  Retrying ↺ @ 03/15/23 07:53:34.415&#xA;&#xA;&gt; Enter [BeforeEach] [Setting] [Security] global-auth-url - /go/src/k8s.io/ingress-nginx/test/e2e/framework/framework.go:83 @ 03/15/23 07:53:34.415&#xA;&lt; Exit [BeforeEach] [Setting] [Security] global-auth-url - /go/src/k8s.io/ingress-nginx/test/e2e/framework/framework.go:83 @ 03/15/23 07:53:42.72 (8.305s)&#xA;&gt; Enter [BeforeEach] [Setting] [Security] global-auth-url - /go/src/k8s.io/ingress-nginx/test/e2e/settings/global_external_auth.go:51 @ 03/15/23 07:53:42.72&#xA;&lt; Exit [BeforeEach] [Setting] [Security] global-auth-url - /go/src/k8s.io/ingress-nginx/test/e2e/settings/global_external_auth.go:51 @ 03/15/23 07:55:06.761 (1m24.04s)&#xA;&gt; Enter [BeforeEach] when global external authentication is configured - /go/src/k8s.io/ingress-nginx/test/e2e/settings/global_external_auth.go:58 @ 03/15/23 07:55:06.761&#xA;STEP: Adding an ingress rule for /foo - /go/src/k8s.io/ingress-nginx/test/e2e/settings/global_external_auth.go:61 @ 03/15/23 07:55:06.761&#xA;STEP: Adding an ingress rule for /bar - /go/src/k8s.io/ingress-nginx/test/e2e/settings/global_external_auth.go:69 @ 03/15/23 07:55:16.876&#xA;STEP: Adding a global-auth-url to configMap - /go/src/k8s.io/ingress-nginx/test/e2e/settings/global_external_auth.go:77 @ 03/15/23 07:55:26.995&#xA;&lt; Exit [BeforeEach] when global external authentication is configured - /go/src/k8s.io/ingress-nginx/test/e2e/settings/global_external_auth.go:58 @ 03/15/23 07:55:37.121 (30.36s)&#xA;&gt; Enter [It] should return status code 200 when request whitelisted (via no-auth-locations) service and 401 when request protected service - /go/src/k8s.io/ingress-nginx/test/e2e/settings/global_external_auth.go:102 @ 03/15/23 07:55:37.121&#xA;STEP: Adding a no-auth-locations for /bar to configMap - /go/src/k8s.io/ingress-nginx/test/e2e/settings/global_external_auth.go:104 @ 03/15/23 07:55:37.122&#xA;STEP: Sending a request to protected service /foo - /go/src/k8s.io/ingress-nginx/test/e2e/settings/global_external_auth.go:111 @ 03/15/23 07:55:47.244&#xA;STEP: Sending a request to whitelisted service /bar - /go/src/k8s.io/ingress-nginx/test/e2e/settings/global_external_auth.go:118 @ 03/15/23 07:55:47.252&#xA;&lt; Exit [It] should return status code 200 when request whitelisted (via no-auth-locations) service and 401 when request protected service - /go/src/k8s.io/ingress-nginx/test/e2e/settings/global_external_auth.go:102 @ 03/15/23 07:55:47.254 (10.133s)&#xA;&gt; Enter [AfterEach] [Setting] [Security] global-auth-url - /go/src/k8s.io/ingress-nginx/test/e2e/framework/framework.go:84 @ 03/15/23 07:55:47.254&#xA;&lt; Exit [AfterEach] [Setting] [Security] global-auth-url - /go/src/k8s.io/ingress-nginx/test/e2e/framework/framework.go:84 @ 03/15/23 07:55:47.41 (156ms)&#xA;</system-err>
          </testcase>
      </testsuite>
  </testsuites>